  AnchoredSpringFG.cpp
  BungeeForceGenerator.cpp
  BuoyancyForceGenerator.cpp
  callbacks.cpp
  Cannonball.cpp
  CircleGenerator.cpp
  ContinuousParticleSystem.cpp
  ExplosionForceGenerator.cpp
C:\Users\Tomás López\Desktop\Universidad\Quinto\SimulacionFisicaVideojuegos\common\PhysX-3.4\PxShared\include\task\PxTask.h(329,1): warning C5220: "physx::PxLightCpuTask::mRefCount": un miembro de datos no estático con un tipo calificado volátil ya no implica
           que los constructores de copia/movimiento generados por el compilador y los operadores de asignación de copia o movimiento no sean triviales (compilando archivo de origen AnchoredSpringFG.cpp)
C:\Users\Tomás López\Desktop\Universidad\Quinto\SimulacionFisicaVideojuegos\common\PhysX-3.4\PxShared\include\task\PxTask.h(326): message : vea la declaración de 'physx::PxLightCpuTask::mRefCount' (compilando archivo de origen AnchoredSpringFG.cpp)
C:\Users\Tomás López\Desktop\Universidad\Quinto\SimulacionFisicaVideojuegos\common\PhysX-3.4\PxShared\include\task\PxTask.h(329,1): warning C5220: "physx::PxLightCpuTask::mRefCount": un miembro de datos no estático con un tipo calificado volátil ya no implica
           que los constructores de copia/movimiento generados por el compilador y los operadores de asignación de copia o movimiento no sean triviales (compilando archivo de origen BuoyancyForceGenerator.cpp)
C:\Users\Tomás López\Desktop\Universidad\Quinto\SimulacionFisicaVideojuegos\common\PhysX-3.4\PxShared\include\task\PxTask.h(326): message : vea la declaración de 'physx::PxLightCpuTask::mRefCount' (compilando archivo de origen BuoyancyForceGenerator.cpp)
C:\Users\Tomás López\Desktop\Universidad\Quinto\SimulacionFisicaVideojuegos\common\PhysX-3.4\PxShared\include\task\PxTask.h(329,1): warning C5220: "physx::PxLightCpuTask::mRefCount": un miembro de datos no estático con un tipo calificado volátil ya no implica
           que los constructores de copia/movimiento generados por el compilador y los operadores de asignación de copia o movimiento no sean triviales (compilando archivo de origen callbacks.cpp)
C:\Users\Tomás López\Desktop\Universidad\Quinto\SimulacionFisicaVideojuegos\common\PhysX-3.4\PxShared\include\task\PxTask.h(326): message : vea la declaración de 'physx::PxLightCpuTask::mRefCount' (compilando archivo de origen callbacks.cpp)
C:\Users\Tomás López\Desktop\Universidad\Quinto\SimulacionFisicaVideojuegos\common\PhysX-3.4\PxShared\include\task\PxTask.h(329,1): warning C5220: "physx::PxLightCpuTask::mRefCount": un miembro de datos no estático con un tipo calificado volátil ya no implica
           que los constructores de copia/movimiento generados por el compilador y los operadores de asignación de copia o movimiento no sean triviales (compilando archivo de origen ExplosionForceGenerator.cpp)
C:\Users\Tomás López\Desktop\Universidad\Quinto\SimulacionFisicaVideojuegos\common\PhysX-3.4\PxShared\include\task\PxTask.h(326): message : vea la declaración de 'physx::PxLightCpuTask::mRefCount' (compilando archivo de origen ExplosionForceGenerator.cpp)
C:\Users\Tomás López\Desktop\Universidad\Quinto\SimulacionFisicaVideojuegos\common\PhysX-3.4\PxShared\include\task\PxTask.h(329,1): warning C5220: "physx::PxLightCpuTask::mRefCount": un miembro de datos no estático con un tipo calificado volátil ya no implica
           que los constructores de copia/movimiento generados por el compilador y los operadores de asignación de copia o movimiento no sean triviales (compilando archivo de origen Cannonball.cpp)
C:\Users\Tomás López\Desktop\Universidad\Quinto\SimulacionFisicaVideojuegos\common\PhysX-3.4\PxShared\include\task\PxTask.h(326): message : vea la declaración de 'physx::PxLightCpuTask::mRefCount' (compilando archivo de origen Cannonball.cpp)
C:\Users\Tomás López\Desktop\Universidad\Quinto\SimulacionFisicaVideojuegos\common\PhysX-3.4\PxShared\include\task\PxTask.h(329,1): warning C5220: "physx::PxLightCpuTask::mRefCount": un miembro de datos no estático con un tipo calificado volátil ya no implica
           que los constructores de copia/movimiento generados por el compilador y los operadores de asignación de copia o movimiento no sean triviales (compilando archivo de origen ContinuousParticleSystem.cpp)
C:\Users\Tomás López\Desktop\Universidad\Quinto\SimulacionFisicaVideojuegos\common\PhysX-3.4\PxShared\include\task\PxTask.h(326): message : vea la declaración de 'physx::PxLightCpuTask::mRefCount' (compilando archivo de origen ContinuousParticleSystem.cpp)
C:\Users\Tomás López\Desktop\Universidad\Quinto\SimulacionFisicaVideojuegos\common\PhysX-3.4\PxShared\include\task\PxTask.h(329,1): warning C5220: "physx::PxLightCpuTask::mRefCount": un miembro de datos no estático con un tipo calificado volátil ya no implica
           que los constructores de copia/movimiento generados por el compilador y los operadores de asignación de copia o movimiento no sean triviales (compilando archivo de origen BungeeForceGenerator.cpp)
C:\Users\Tomás López\Desktop\Universidad\Quinto\SimulacionFisicaVideojuegos\common\PhysX-3.4\PxShared\include\task\PxTask.h(326): message : vea la declaración de 'physx::PxLightCpuTask::mRefCount' (compilando archivo de origen BungeeForceGenerator.cpp)
C:\Users\Tomás López\Desktop\Universidad\Quinto\SimulacionFisicaVideojuegos\common\PhysX-3.4\PxShared\include\task\PxTask.h(329,1): warning C5220: "physx::PxLightCpuTask::mRefCount": un miembro de datos no estático con un tipo calificado volátil ya no implica
           que los constructores de copia/movimiento generados por el compilador y los operadores de asignación de copia o movimiento no sean triviales (compilando archivo de origen CircleGenerator.cpp)
C:\Users\Tomás López\Desktop\Universidad\Quinto\SimulacionFisicaVideojuegos\common\PhysX-3.4\PxShared\include\task\PxTask.h(326): message : vea la declaración de 'physx::PxLightCpuTask::mRefCount' (compilando archivo de origen CircleGenerator.cpp)
C:\Users\Tomás López\Desktop\Universidad\Quinto\SimulacionFisicaVideojuegos\skeleton\Particle.h(13,3): warning C4265: "Particle": la clase tiene funciones virtuales, pero su destructor no trivial no es virtual; puede que las instancias de esta clase no se destruyan correctamente (compilando archivo de origen AnchoredSpringFG.cpp)
C:\Users\Tomás López\Desktop\Universidad\Quinto\SimulacionFisicaVideojuegos\skeleton\Particle.h(13,3): warning C4265: "Particle": la clase tiene funciones virtuales, pero su destructor no trivial no es virtual; puede que las instancias de esta clase no se destruyan correctamente (compilando archivo de origen BungeeForceGenerator.cpp)
C:\Users\Tomás López\Desktop\Universidad\Quinto\SimulacionFisicaVideojuegos\skeleton\Particle.h(13,3): warning C4265: "Particle": la clase tiene funciones virtuales, pero su destructor no trivial no es virtual; puede que las instancias de esta clase no se destruyan correctamente (compilando archivo de origen ContinuousParticleSystem.cpp)
C:\Users\Tomás López\Desktop\Universidad\Quinto\SimulacionFisicaVideojuegos\skeleton\Particle.h(13,3): warning C4265: "Particle": la clase tiene funciones virtuales, pero su destructor no trivial no es virtual; puede que las instancias de esta clase no se destruyan correctamente (compilando archivo de origen Cannonball.cpp)
C:\Users\Tomás López\Desktop\Universidad\Quinto\SimulacionFisicaVideojuegos\skeleton\Particle.h(13,3): warning C4265: "Particle": la clase tiene funciones virtuales, pero su destructor no trivial no es virtual; puede que las instancias de esta clase no se destruyan correctamente (compilando archivo de origen BuoyancyForceGenerator.cpp)
C:\Users\Tomás López\Desktop\Universidad\Quinto\SimulacionFisicaVideojuegos\skeleton\Cannonball.h(16,1): warning C4265: "Cannonball": la clase tiene funciones virtuales, pero su destructor no trivial no es virtual; puede que las instancias de esta clase no se destruyan correctamente (compilando archivo de origen Cannonball.cpp)
C:\Users\Tomás López\Desktop\Universidad\Quinto\SimulacionFisicaVideojuegos\skeleton\Particle.h(13,3): warning C4265: "Particle": la clase tiene funciones virtuales, pero su destructor no trivial no es virtual; puede que las instancias de esta clase no se destruyan correctamente (compilando archivo de origen ExplosionForceGenerator.cpp)
C:\Users\Tomás López\Desktop\Universidad\Quinto\SimulacionFisicaVideojuegos\skeleton\ForceGenerator.h(15,1): warning C4265: "ForceGenerator": la clase tiene funciones virtuales, pero su destructor no trivial no es virtual; puede que las instancias de esta clase no se destruyan correctamente (compilando archivo de origen AnchoredSpringFG.cpp)
C:\Users\Tomás López\Desktop\Universidad\Quinto\SimulacionFisicaVideojuegos\skeleton\SpringForceGenerator.h(10,3): warning C4265: "SpringForceGenerator": la clase tiene funciones virtuales, pero su destructor no trivial no es virtual; puede que las instancias de esta clase no se destruyan correctamente (compilando archivo de origen AnchoredSpringFG.cpp)
C:\Users\Tomás López\Desktop\Universidad\Quinto\SimulacionFisicaVideojuegos\skeleton\AnchoredSpringFG.h(8,3): warning C4265: "AnchoredSpringFG": la clase tiene funciones virtuales, pero su destructor no trivial no es virtual; puede que las instancias de esta clase no se destruyan correctamente (compilando archivo de origen AnchoredSpringFG.cpp)
C:\Users\Tomás López\Desktop\Universidad\Quinto\SimulacionFisicaVideojuegos\skeleton\ForceGenerator.h(15,1): warning C4265: "ForceGenerator": la clase tiene funciones virtuales, pero su destructor no trivial no es virtual; puede que las instancias de esta clase no se destruyan correctamente (compilando archivo de origen BuoyancyForceGenerator.cpp)
C:\Users\Tomás López\Desktop\Universidad\Quinto\SimulacionFisicaVideojuegos\skeleton\ParticleGenerator.h(12,3): warning C4265: "ParticleGenerator": la clase tiene funciones virtuales, pero su destructor no trivial no es virtual; puede que las instancias de esta clase no se destruyan correctamente (compilando archivo de origen BungeeForceGenerator.cpp)
C:\Users\Tomás López\Desktop\Universidad\Quinto\SimulacionFisicaVideojuegos\skeleton\ParticleGenerator.h(11,90): warning C5038: miembro de datos "ParticleGenerator::model" se inicializará después de miembro de datos "ParticleGenerator::meanPos" (compilando archivo de origen BungeeForceGenerator.cpp)
C:\Users\Tomás López\Desktop\Universidad\Quinto\SimulacionFisicaVideojuegos\skeleton\ForceGenerator.h(15,1): warning C4265: "ForceGenerator": la clase tiene funciones virtuales, pero su destructor no trivial no es virtual; puede que las instancias de esta clase no se destruyan correctamente (compilando archivo de origen ExplosionForceGenerator.cpp)
C:\Users\Tomás López\Desktop\Universidad\Quinto\SimulacionFisicaVideojuegos\skeleton\ExplosionForceGenerator.h(27,1): warning C4265: "ExplosionForceGenerator": la clase tiene funciones virtuales, pero su destructor no trivial no es virtual; puede que las instancias de esta clase no se destruyan correctamente (compilando archivo de origen ExplosionForceGenerator.cpp)
C:\Users\Tomás López\Desktop\Universidad\Quinto\SimulacionFisicaVideojuegos\skeleton\ExplosionForceGenerator.h(10,96): warning C5038: miembro de datos "ExplosionForceGenerator::timeConstant" se inicializará después de miembro de datos "ExplosionForceGenerator::position" (compilando archivo de origen ExplosionForceGenerator.cpp)
C:\Users\Tomás López\Desktop\Universidad\Quinto\SimulacionFisicaVideojuegos\skeleton\ExplosionForceGenerator.h(10,135): warning C5038: miembro de datos "ExplosionForceGenerator::velocity" se inicializará después de miembro de datos "ExplosionForceGenerator::radius" (compilando archivo de origen ExplosionForceGenerator.cpp)
  The contents of <numbers> are available only with C++20 or later.
C:\Users\Tomás López\Desktop\Universidad\Quinto\SimulacionFisicaVideojuegos\skeleton\ExplosionForceGenerator.cpp(4,63): warning C4458: la declaración de 't' oculta el miembro de clase
C:\Users\Tomás López\Desktop\Universidad\Quinto\SimulacionFisicaVideojuegos\skeleton\ForceGenerator.h(13,9): message : vea la declaración de 'ForceGenerator::t' (compilando archivo de origen ExplosionForceGenerator.cpp)
C:\Users\Tomás López\Desktop\Universidad\Quinto\SimulacionFisicaVideojuegos\skeleton\ForceGenerator.h(15,1): warning C4265: "ForceGenerator": la clase tiene funciones virtuales, pero su destructor no trivial no es virtual; puede que las instancias de esta clase no se destruyan correctamente (compilando archivo de origen BungeeForceGenerator.cpp)
C:\Users\Tomás López\Desktop\Universidad\Quinto\SimulacionFisicaVideojuegos\skeleton\ParticleGenerator.h(12,3): warning C4265: "ParticleGenerator": la clase tiene funciones virtuales, pero su destructor no trivial no es virtual; puede que las instancias de esta clase no se destruyan correctamente (compilando archivo de origen ContinuousParticleSystem.cpp)
C:\Users\Tomás López\Desktop\Universidad\Quinto\SimulacionFisicaVideojuegos\skeleton\ParticleGenerator.h(11,90): warning C5038: miembro de datos "ParticleGenerator::model" se inicializará después de miembro de datos "ParticleGenerator::meanPos" (compilando archivo de origen ContinuousParticleSystem.cpp)
C:\Users\Tomás López\Desktop\Universidad\Quinto\SimulacionFisicaVideojuegos\skeleton\ParticleGenerator.h(12,3): warning C4265: "ParticleGenerator": la clase tiene funciones virtuales, pero su destructor no trivial no es virtual; puede que las instancias de esta clase no se destruyan correctamente (compilando archivo de origen BuoyancyForceGenerator.cpp)
C:\Users\Tomás López\Desktop\Universidad\Quinto\SimulacionFisicaVideojuegos\skeleton\ParticleGenerator.h(11,90): warning C5038: miembro de datos "ParticleGenerator::model" se inicializará después de miembro de datos "ParticleGenerator::meanPos" (compilando archivo de origen BuoyancyForceGenerator.cpp)
C:\Users\Tomás López\Desktop\Universidad\Quinto\SimulacionFisicaVideojuegos\skeleton\GravityForceGenerator.h(19,1): warning C4265: "GravityForceGenerator": la clase tiene funciones virtuales, pero su destructor no trivial no es virtual; puede que las instancias de esta clase no se destruyan correctamente (compilando archivo de origen BungeeForceGenerator.cpp)
C:\Users\Tomás López\Desktop\Universidad\Quinto\SimulacionFisicaVideojuegos\skeleton\WindForceGenerator.h(25,1): warning C4265: "WindForceGenerator": la clase tiene funciones virtuales, pero su destructor no trivial no es virtual; puede que las instancias de esta clase no se destruyan correctamente (compilando archivo de origen BungeeForceGenerator.cpp)
C:\Users\Tomás López\Desktop\Universidad\Quinto\SimulacionFisicaVideojuegos\skeleton\WindForceGenerator.h(10,119): warning C5038: miembro de datos "WindForceGenerator::k2" se inicializará después de miembro de datos "WindForceGenerator::position" (compilando archivo de origen BungeeForceGenerator.cpp)
C:\Users\Tomás López\Desktop\Universidad\Quinto\SimulacionFisicaVideojuegos\skeleton\ForceGenerator.h(15,1): warning C4265: "ForceGenerator": la clase tiene funciones virtuales, pero su destructor no trivial no es virtual; puede que las instancias de esta clase no se destruyan correctamente (compilando archivo de origen ContinuousParticleSystem.cpp)
C:\Users\Tomás López\Desktop\Universidad\Quinto\SimulacionFisicaVideojuegos\skeleton\Particle.h(13,3): warning C4265: "Particle": la clase tiene funciones virtuales, pero su destructor no trivial no es virtual; puede que las instancias de esta clase no se destruyan correctamente (compilando archivo de origen CircleGenerator.cpp)
C:\Users\Tomás López\Desktop\Universidad\Quinto\SimulacionFisicaVideojuegos\skeleton\ParticleSystem.h(14,3): warning C4265: "ParticleSystem": la clase tiene funciones virtuales, pero su destructor no trivial no es virtual; puede que las instancias de esta clase no se destruyan correctamente (compilando archivo de origen BungeeForceGenerator.cpp)
C:\Users\Tomás López\Desktop\Universidad\Quinto\SimulacionFisicaVideojuegos\skeleton\ParticleSystem.h(18,26): warning C4267: 'return': conversión de 'size_t' a 'int'; posible pérdida de datos (compilando archivo de origen BungeeForceGenerator.cpp)
C:\Users\Tomás López\Desktop\Universidad\Quinto\SimulacionFisicaVideojuegos\skeleton\SpringForceGenerator.h(10,3): warning C4265: "SpringForceGenerator": la clase tiene funciones virtuales, pero su destructor no trivial no es virtual; puede que las instancias de esta clase no se destruyan correctamente (compilando archivo de origen BungeeForceGenerator.cpp)
C:\Users\Tomás López\Desktop\Universidad\Quinto\SimulacionFisicaVideojuegos\skeleton\AnchoredSpringFG.h(8,3): warning C4265: "AnchoredSpringFG": la clase tiene funciones virtuales, pero su destructor no trivial no es virtual; puede que las instancias de esta clase no se destruyan correctamente (compilando archivo de origen BungeeForceGenerator.cpp)
C:\Users\Tomás López\Desktop\Universidad\Quinto\SimulacionFisicaVideojuegos\skeleton\BuoyancyForceGenerator.h(18,1): warning C4265: "BuoyancyForceGenerator": la clase tiene funciones virtuales, pero su destructor no trivial no es virtual; puede que las instancias de esta clase no se destruyan correctamente (compilando archivo de origen BungeeForceGenerator.cpp)
C:\Users\Tomás López\Desktop\Universidad\Quinto\SimulacionFisicaVideojuegos\skeleton\SpringParticleSystem.h(11,3): warning C4265: "SpringParticleSystem": la clase tiene funciones virtuales, pero su destructor no trivial no es virtual; puede que las instancias de esta clase no se destruyan correctamente (compilando archivo de origen BungeeForceGenerator.cpp)
C:\Users\Tomás López\Desktop\Universidad\Quinto\SimulacionFisicaVideojuegos\skeleton\BungeeForceGenerator.h(13,1): warning C4265: "BungeeForceGenerator": la clase tiene funciones virtuales, pero su destructor no trivial no es virtual; puede que las instancias de esta clase no se destruyan correctamente (compilando archivo de origen BungeeForceGenerator.cpp)
C:\Users\Tomás López\Desktop\Universidad\Quinto\SimulacionFisicaVideojuegos\skeleton\BungeeForceGenerator.cpp(4,60): warning C4458: la declaración de 't' oculta el miembro de clase
C:\Users\Tomás López\Desktop\Universidad\Quinto\SimulacionFisicaVideojuegos\skeleton\ForceGenerator.h(13,9): message : vea la declaración de 'ForceGenerator::t' (compilando archivo de origen BungeeForceGenerator.cpp)
C:\Users\Tomás López\Desktop\Universidad\Quinto\SimulacionFisicaVideojuegos\skeleton\BungeeForceGenerator.cpp(4,60): warning C4100: 't': parámetro formal sin referencia
C:\Users\Tomás López\Desktop\Universidad\Quinto\SimulacionFisicaVideojuegos\skeleton\ParticleGenerator.h(12,3): warning C4265: "ParticleGenerator": la clase tiene funciones virtuales, pero su destructor no trivial no es virtual; puede que las instancias de esta clase no se destruyan correctamente (compilando archivo de origen CircleGenerator.cpp)
C:\Users\Tomás López\Desktop\Universidad\Quinto\SimulacionFisicaVideojuegos\skeleton\ParticleGenerator.h(11,90): warning C5038: miembro de datos "ParticleGenerator::model" se inicializará después de miembro de datos "ParticleGenerator::meanPos" (compilando archivo de origen CircleGenerator.cpp)
C:\Users\Tomás López\Desktop\Universidad\Quinto\SimulacionFisicaVideojuegos\skeleton\GaussianParticleGenerator.h(18,1): warning C4265: "GaussianParticleGenerator": la clase tiene funciones virtuales, pero su destructor no trivial no es virtual; puede que las instancias de esta clase no se destruyan correctamente (compilando archivo de origen CircleGenerator.cpp)
C:\Users\Tomás López\Desktop\Universidad\Quinto\SimulacionFisicaVideojuegos\skeleton\CircleGenerator.h(16,1): warning C4265: "CircleGenerator": la clase tiene funciones virtuales, pero su destructor no trivial no es virtual; puede que las instancias de esta clase no se destruyan correctamente (compilando archivo de origen CircleGenerator.cpp)
C:\Users\Tomás López\Desktop\Universidad\Quinto\SimulacionFisicaVideojuegos\skeleton\CircleGenerator.h(7,76): warning C4100: 'vDev': parámetro formal sin referencia (compilando archivo de origen CircleGenerator.cpp)
C:\Users\Tomás López\Desktop\Universidad\Quinto\SimulacionFisicaVideojuegos\skeleton\GravityForceGenerator.h(19,1): warning C4265: "GravityForceGenerator": la clase tiene funciones virtuales, pero su destructor no trivial no es virtual; puede que las instancias de esta clase no se destruyan correctamente (compilando archivo de origen ContinuousParticleSystem.cpp)
C:\Users\Tomás López\Desktop\Universidad\Quinto\SimulacionFisicaVideojuegos\skeleton\WindForceGenerator.h(25,1): warning C4265: "WindForceGenerator": la clase tiene funciones virtuales, pero su destructor no trivial no es virtual; puede que las instancias de esta clase no se destruyan correctamente (compilando archivo de origen ContinuousParticleSystem.cpp)
C:\Users\Tomás López\Desktop\Universidad\Quinto\SimulacionFisicaVideojuegos\skeleton\WindForceGenerator.h(10,119): warning C5038: miembro de datos "WindForceGenerator::k2" se inicializará después de miembro de datos "WindForceGenerator::position" (compilando archivo de origen ContinuousParticleSystem.cpp)
C:\Users\Tomás López\Desktop\Universidad\Quinto\SimulacionFisicaVideojuegos\skeleton\GravityForceGenerator.h(19,1): warning C4265: "GravityForceGenerator": la clase tiene funciones virtuales, pero su destructor no trivial no es virtual; puede que las instancias de esta clase no se destruyan correctamente (compilando archivo de origen BuoyancyForceGenerator.cpp)
C:\Users\Tomás López\Desktop\Universidad\Quinto\SimulacionFisicaVideojuegos\skeleton\WindForceGenerator.h(25,1): warning C4265: "WindForceGenerator": la clase tiene funciones virtuales, pero su destructor no trivial no es virtual; puede que las instancias de esta clase no se destruyan correctamente (compilando archivo de origen BuoyancyForceGenerator.cpp)
C:\Users\Tomás López\Desktop\Universidad\Quinto\SimulacionFisicaVideojuegos\skeleton\WindForceGenerator.h(10,119): warning C5038: miembro de datos "WindForceGenerator::k2" se inicializará después de miembro de datos "WindForceGenerator::position" (compilando archivo de origen BuoyancyForceGenerator.cpp)
C:\Users\Tomás López\Desktop\Universidad\Quinto\SimulacionFisicaVideojuegos\skeleton\ParticleSystem.h(14,3): warning C4265: "ParticleSystem": la clase tiene funciones virtuales, pero su destructor no trivial no es virtual; puede que las instancias de esta clase no se destruyan correctamente (compilando archivo de origen ContinuousParticleSystem.cpp)
C:\Users\Tomás López\Desktop\Universidad\Quinto\SimulacionFisicaVideojuegos\skeleton\ParticleSystem.h(18,26): warning C4267: 'return': conversión de 'size_t' a 'int'; posible pérdida de datos (compilando archivo de origen ContinuousParticleSystem.cpp)
C:\Users\Tomás López\Desktop\Universidad\Quinto\SimulacionFisicaVideojuegos\skeleton\ContinuousParticleSystem.h(8,3): warning C4265: "ContinuousParticleSystem": la clase tiene funciones virtuales, pero su destructor no trivial no es virtual; puede que las instancias de esta clase no se destruyan correctamente (compilando archivo de origen ContinuousParticleSystem.cpp)
C:\Users\Tomás López\Desktop\Universidad\Quinto\SimulacionFisicaVideojuegos\skeleton\ParticleSystem.h(14,3): warning C4265: "ParticleSystem": la clase tiene funciones virtuales, pero su destructor no trivial no es virtual; puede que las instancias de esta clase no se destruyan correctamente (compilando archivo de origen BuoyancyForceGenerator.cpp)
C:\Users\Tomás López\Desktop\Universidad\Quinto\SimulacionFisicaVideojuegos\skeleton\ParticleSystem.h(18,26): warning C4267: 'return': conversión de 'size_t' a 'int'; posible pérdida de datos (compilando archivo de origen BuoyancyForceGenerator.cpp)
C:\Users\Tomás López\Desktop\Universidad\Quinto\SimulacionFisicaVideojuegos\skeleton\BuoyancyForceGenerator.h(18,1): warning C4265: "BuoyancyForceGenerator": la clase tiene funciones virtuales, pero su destructor no trivial no es virtual; puede que las instancias de esta clase no se destruyan correctamente (compilando archivo de origen BuoyancyForceGenerator.cpp)
C:\Users\Tomás López\Desktop\Universidad\Quinto\SimulacionFisicaVideojuegos\skeleton\BuoyancyForceGenerator.cpp(4,62): warning C4458: la declaración de 't' oculta el miembro de clase
C:\Users\Tomás López\Desktop\Universidad\Quinto\SimulacionFisicaVideojuegos\skeleton\ForceGenerator.h(13,9): message : vea la declaración de 'ForceGenerator::t' (compilando archivo de origen BuoyancyForceGenerator.cpp)
C:\Users\Tomás López\Desktop\Universidad\Quinto\SimulacionFisicaVideojuegos\skeleton\BuoyancyForceGenerator.cpp(4,62): warning C4100: 't': parámetro formal sin referencia
  Fireball.cpp
  Firework.cpp
  FireworkGenerator.cpp
  FireworkSystem.cpp
C:\Users\Tomás López\Desktop\Universidad\Quinto\SimulacionFisicaVideojuegos\common\PhysX-3.4\PxShared\include\task\PxTask.h(329,1): warning C5220: "physx::PxLightCpuTask::mRefCount": un miembro de datos no estático con un tipo calificado volátil ya no implica
           que los constructores de copia/movimiento generados por el compilador y los operadores de asignación de copia o movimiento no sean triviales (compilando archivo de origen Firework.cpp)
C:\Users\Tomás López\Desktop\Universidad\Quinto\SimulacionFisicaVideojuegos\common\PhysX-3.4\PxShared\include\task\PxTask.h(326): message : vea la declaración de 'physx::PxLightCpuTask::mRefCount' (compilando archivo de origen Firework.cpp)
  GaussianParticleGenerator.cpp
C:\Users\Tomás López\Desktop\Universidad\Quinto\SimulacionFisicaVideojuegos\common\PhysX-3.4\PxShared\include\task\PxTask.h(329,1): warning C5220: "physx::PxLightCpuTask::mRefCount": un miembro de datos no estático con un tipo calificado volátil ya no implica
           que los constructores de copia/movimiento generados por el compilador y los operadores de asignación de copia o movimiento no sean triviales (compilando archivo de origen Fireball.cpp)
C:\Users\Tomás López\Desktop\Universidad\Quinto\SimulacionFisicaVideojuegos\common\PhysX-3.4\PxShared\include\task\PxTask.h(326): message : vea la declaración de 'physx::PxLightCpuTask::mRefCount' (compilando archivo de origen Fireball.cpp)
  GravityForceGenerator.cpp
  Laser.cpp
  main.cpp
C:\Users\Tomás López\Desktop\Universidad\Quinto\SimulacionFisicaVideojuegos\common\PhysX-3.4\PxShared\include\task\PxTask.h(329,1): warning C5220: "physx::PxLightCpuTask::mRefCount": un miembro de datos no estático con un tipo calificado volátil ya no implica
           que los constructores de copia/movimiento generados por el compilador y los operadores de asignación de copia o movimiento no sean triviales (compilando archivo de origen GravityForceGenerator.cpp)
C:\Users\Tomás López\Desktop\Universidad\Quinto\SimulacionFisicaVideojuegos\common\PhysX-3.4\PxShared\include\task\PxTask.h(326): message : vea la declaración de 'physx::PxLightCpuTask::mRefCount' (compilando archivo de origen GravityForceGenerator.cpp)
C:\Users\Tomás López\Desktop\Universidad\Quinto\SimulacionFisicaVideojuegos\common\PhysX-3.4\PxShared\include\task\PxTask.h(329,1): warning C5220: "physx::PxLightCpuTask::mRefCount": un miembro de datos no estático con un tipo calificado volátil ya no implica
           que los constructores de copia/movimiento generados por el compilador y los operadores de asignación de copia o movimiento no sean triviales (compilando archivo de origen Laser.cpp)
C:\Users\Tomás López\Desktop\Universidad\Quinto\SimulacionFisicaVideojuegos\common\PhysX-3.4\PxShared\include\task\PxTask.h(326): message : vea la declaración de 'physx::PxLightCpuTask::mRefCount' (compilando archivo de origen Laser.cpp)
C:\Users\Tomás López\Desktop\Universidad\Quinto\SimulacionFisicaVideojuegos\common\PhysX-3.4\PxShared\include\task\PxTask.h(329,1): warning C5220: "physx::PxLightCpuTask::mRefCount": un miembro de datos no estático con un tipo calificado volátil ya no implica
           que los constructores de copia/movimiento generados por el compilador y los operadores de asignación de copia o movimiento no sean triviales (compilando archivo de origen FireworkSystem.cpp)
C:\Users\Tomás López\Desktop\Universidad\Quinto\SimulacionFisicaVideojuegos\common\PhysX-3.4\PxShared\include\task\PxTask.h(326): message : vea la declaración de 'physx::PxLightCpuTask::mRefCount' (compilando archivo de origen FireworkSystem.cpp)
C:\Users\Tomás López\Desktop\Universidad\Quinto\SimulacionFisicaVideojuegos\common\PhysX-3.4\PxShared\include\task\PxTask.h(329,1): warning C5220: "physx::PxLightCpuTask::mRefCount": un miembro de datos no estático con un tipo calificado volátil ya no implica
           que los constructores de copia/movimiento generados por el compilador y los operadores de asignación de copia o movimiento no sean triviales (compilando archivo de origen main.cpp)
C:\Users\Tomás López\Desktop\Universidad\Quinto\SimulacionFisicaVideojuegos\common\PhysX-3.4\PxShared\include\task\PxTask.h(326): message : vea la declaración de 'physx::PxLightCpuTask::mRefCount' (compilando archivo de origen main.cpp)
C:\Users\Tomás López\Desktop\Universidad\Quinto\SimulacionFisicaVideojuegos\common\PhysX-3.4\PxShared\include\task\PxTask.h(329,1): warning C5220: "physx::PxLightCpuTask::mRefCount": un miembro de datos no estático con un tipo calificado volátil ya no implica
           que los constructores de copia/movimiento generados por el compilador y los operadores de asignación de copia o movimiento no sean triviales (compilando archivo de origen FireworkGenerator.cpp)
C:\Users\Tomás López\Desktop\Universidad\Quinto\SimulacionFisicaVideojuegos\common\PhysX-3.4\PxShared\include\task\PxTask.h(326): message : vea la declaración de 'physx::PxLightCpuTask::mRefCount' (compilando archivo de origen FireworkGenerator.cpp)
C:\Users\Tomás López\Desktop\Universidad\Quinto\SimulacionFisicaVideojuegos\common\PhysX-3.4\PxShared\include\task\PxTask.h(329,1): warning C5220: "physx::PxLightCpuTask::mRefCount": un miembro de datos no estático con un tipo calificado volátil ya no implica
           que los constructores de copia/movimiento generados por el compilador y los operadores de asignación de copia o movimiento no sean triviales (compilando archivo de origen GaussianParticleGenerator.cpp)
C:\Users\Tomás López\Desktop\Universidad\Quinto\SimulacionFisicaVideojuegos\common\PhysX-3.4\PxShared\include\task\PxTask.h(326): message : vea la declaración de 'physx::PxLightCpuTask::mRefCount' (compilando archivo de origen GaussianParticleGenerator.cpp)
C:\Users\Tomás López\Desktop\Universidad\Quinto\SimulacionFisicaVideojuegos\skeleton\Particle.h(13,3): warning C4265: "Particle": la clase tiene funciones virtuales, pero su destructor no trivial no es virtual; puede que las instancias de esta clase no se destruyan correctamente (compilando archivo de origen Firework.cpp)
C:\Users\Tomás López\Desktop\Universidad\Quinto\SimulacionFisicaVideojuegos\skeleton\Particle.h(13,3): warning C4265: "Particle": la clase tiene funciones virtuales, pero su destructor no trivial no es virtual; puede que las instancias de esta clase no se destruyan correctamente (compilando archivo de origen Fireball.cpp)
C:\Users\Tomás López\Desktop\Universidad\Quinto\SimulacionFisicaVideojuegos\skeleton\Fireball.h(17,1): warning C4265: "Fireball": la clase tiene funciones virtuales, pero su destructor no trivial no es virtual; puede que las instancias de esta clase no se destruyan correctamente (compilando archivo de origen Fireball.cpp)
C:\Users\Tomás López\Desktop\Universidad\Quinto\SimulacionFisicaVideojuegos\skeleton\ParticleGenerator.h(12,3): warning C4265: "ParticleGenerator": la clase tiene funciones virtuales, pero su destructor no trivial no es virtual; puede que las instancias de esta clase no se destruyan correctamente (compilando archivo de origen Firework.cpp)
C:\Users\Tomás López\Desktop\Universidad\Quinto\SimulacionFisicaVideojuegos\skeleton\ParticleGenerator.h(11,90): warning C5038: miembro de datos "ParticleGenerator::model" se inicializará después de miembro de datos "ParticleGenerator::meanPos" (compilando archivo de origen Firework.cpp)
C:\Users\Tomás López\Desktop\Universidad\Quinto\SimulacionFisicaVideojuegos\skeleton\GaussianParticleGenerator.h(18,1): warning C4265: "GaussianParticleGenerator": la clase tiene funciones virtuales, pero su destructor no trivial no es virtual; puede que las instancias de esta clase no se destruyan correctamente (compilando archivo de origen Firework.cpp)
C:\Users\Tomás López\Desktop\Universidad\Quinto\SimulacionFisicaVideojuegos\skeleton\CircleGenerator.h(16,1): warning C4265: "CircleGenerator": la clase tiene funciones virtuales, pero su destructor no trivial no es virtual; puede que las instancias de esta clase no se destruyan correctamente (compilando archivo de origen Firework.cpp)
C:\Users\Tomás López\Desktop\Universidad\Quinto\SimulacionFisicaVideojuegos\skeleton\CircleGenerator.h(7,76): warning C4100: 'vDev': parámetro formal sin referencia (compilando archivo de origen Firework.cpp)
C:\Users\Tomás López\Desktop\Universidad\Quinto\SimulacionFisicaVideojuegos\skeleton\FireworkGenerator.h(17,1): warning C4265: "FireworkGenerator": la clase tiene funciones virtuales, pero su destructor no trivial no es virtual; puede que las instancias de esta clase no se destruyan correctamente (compilando archivo de origen Firework.cpp)
C:\Users\Tomás López\Desktop\Universidad\Quinto\SimulacionFisicaVideojuegos\skeleton\Firework.h(12,3): warning C4265: "Firework": la clase tiene funciones virtuales, pero su destructor no trivial no es virtual; puede que las instancias de esta clase no se destruyan correctamente (compilando archivo de origen Firework.cpp)
C:\Users\Tomás López\Desktop\Universidad\Quinto\SimulacionFisicaVideojuegos\skeleton\Firework.cpp(3,80): warning C4100: 'Grv': parámetro formal sin referencia
C:\Users\Tomás López\Desktop\Universidad\Quinto\SimulacionFisicaVideojuegos\skeleton\Firework.cpp(19,13): warning C4458: la declaración de 'col' oculta el miembro de clase
C:\Users\Tomás López\Desktop\Universidad\Quinto\SimulacionFisicaVideojuegos\skeleton\Particle.h(57,10): message : vea la declaración de 'Particle::col' (compilando archivo de origen Firework.cpp)
C:\Users\Tomás López\Desktop\Universidad\Quinto\SimulacionFisicaVideojuegos\skeleton\Particle.h(13,3): warning C4265: "Particle": la clase tiene funciones virtuales, pero su destructor no trivial no es virtual; puede que las instancias de esta clase no se destruyan correctamente (compilando archivo de origen FireworkGenerator.cpp)
C:\Users\Tomás López\Desktop\Universidad\Quinto\SimulacionFisicaVideojuegos\skeleton\ParticleGenerator.h(12,3): warning C4265: "ParticleGenerator": la clase tiene funciones virtuales, pero su destructor no trivial no es virtual; puede que las instancias de esta clase no se destruyan correctamente (compilando archivo de origen FireworkGenerator.cpp)
C:\Users\Tomás López\Desktop\Universidad\Quinto\SimulacionFisicaVideojuegos\skeleton\ParticleGenerator.h(11,90): warning C5038: miembro de datos "ParticleGenerator::model" se inicializará después de miembro de datos "ParticleGenerator::meanPos" (compilando archivo de origen FireworkGenerator.cpp)
C:\Users\Tomás López\Desktop\Universidad\Quinto\SimulacionFisicaVideojuegos\skeleton\GaussianParticleGenerator.h(18,1): warning C4265: "GaussianParticleGenerator": la clase tiene funciones virtuales, pero su destructor no trivial no es virtual; puede que las instancias de esta clase no se destruyan correctamente (compilando archivo de origen FireworkGenerator.cpp)
C:\Users\Tomás López\Desktop\Universidad\Quinto\SimulacionFisicaVideojuegos\skeleton\CircleGenerator.h(16,1): warning C4265: "CircleGenerator": la clase tiene funciones virtuales, pero su destructor no trivial no es virtual; puede que las instancias de esta clase no se destruyan correctamente (compilando archivo de origen FireworkGenerator.cpp)
C:\Users\Tomás López\Desktop\Universidad\Quinto\SimulacionFisicaVideojuegos\skeleton\CircleGenerator.h(7,76): warning C4100: 'vDev': parámetro formal sin referencia (compilando archivo de origen FireworkGenerator.cpp)
C:\Users\Tomás López\Desktop\Universidad\Quinto\SimulacionFisicaVideojuegos\skeleton\FireworkGenerator.h(17,1): warning C4265: "FireworkGenerator": la clase tiene funciones virtuales, pero su destructor no trivial no es virtual; puede que las instancias de esta clase no se destruyan correctamente (compilando archivo de origen FireworkGenerator.cpp)
C:\Users\Tomás López\Desktop\Universidad\Quinto\SimulacionFisicaVideojuegos\skeleton\FireworkGenerator.cpp(5,50): warning C4458: la declaración de 'randomGenerator' oculta el miembro de clase
C:\Users\Tomás López\Desktop\Universidad\Quinto\SimulacionFisicaVideojuegos\skeleton\ParticleGenerator.h(26,29): message : vea la declaración de 'ParticleGenerator::randomGenerator' (compilando archivo de origen FireworkGenerator.cpp)
C:\Users\Tomás López\Desktop\Universidad\Quinto\SimulacionFisicaVideojuegos\skeleton\Particle.h(13,3): warning C4265: "Particle": la clase tiene funciones virtuales, pero su destructor no trivial no es virtual; puede que las instancias de esta clase no se destruyan correctamente (compilando archivo de origen FireworkSystem.cpp)
C:\Users\Tomás López\Desktop\Universidad\Quinto\SimulacionFisicaVideojuegos\skeleton\Particle.h(13,3): warning C4265: "Particle": la clase tiene funciones virtuales, pero su destructor no trivial no es virtual; puede que las instancias de esta clase no se destruyan correctamente (compilando archivo de origen GravityForceGenerator.cpp)
  Particle.cpp
C:\Users\Tomás López\Desktop\Universidad\Quinto\SimulacionFisicaVideojuegos\skeleton\Particle.h(13,3): warning C4265: "Particle": la clase tiene funciones virtuales, pero su destructor no trivial no es virtual; puede que las instancias de esta clase no se destruyan correctamente (compilando archivo de origen GaussianParticleGenerator.cpp)
C:\Users\Tomás López\Desktop\Universidad\Quinto\SimulacionFisicaVideojuegos\skeleton\ParticleGenerator.h(12,3): warning C4265: "ParticleGenerator": la clase tiene funciones virtuales, pero su destructor no trivial no es virtual; puede que las instancias de esta clase no se destruyan correctamente (compilando archivo de origen FireworkSystem.cpp)
C:\Users\Tomás López\Desktop\Universidad\Quinto\SimulacionFisicaVideojuegos\skeleton\ParticleGenerator.h(11,90): warning C5038: miembro de datos "ParticleGenerator::model" se inicializará después de miembro de datos "ParticleGenerator::meanPos" (compilando archivo de origen FireworkSystem.cpp)
C:\Users\Tomás López\Desktop\Universidad\Quinto\SimulacionFisicaVideojuegos\skeleton\ParticleGenerator.h(12,3): warning C4265: "ParticleGenerator": la clase tiene funciones virtuales, pero su destructor no trivial no es virtual; puede que las instancias de esta clase no se destruyan correctamente (compilando archivo de origen GaussianParticleGenerator.cpp)
C:\Users\Tomás López\Desktop\Universidad\Quinto\SimulacionFisicaVideojuegos\skeleton\ParticleGenerator.h(11,90): warning C5038: miembro de datos "ParticleGenerator::model" se inicializará después de miembro de datos "ParticleGenerator::meanPos" (compilando archivo de origen GaussianParticleGenerator.cpp)
C:\Users\Tomás López\Desktop\Universidad\Quinto\SimulacionFisicaVideojuegos\skeleton\GaussianParticleGenerator.h(18,1): warning C4265: "GaussianParticleGenerator": la clase tiene funciones virtuales, pero su destructor no trivial no es virtual; puede que las instancias de esta clase no se destruyan correctamente (compilando archivo de origen GaussianParticleGenerator.cpp)
C:\Users\Tomás López\Desktop\Universidad\Quinto\SimulacionFisicaVideojuegos\skeleton\Particle.h(13,3): warning C4265: "Particle": la clase tiene funciones virtuales, pero su destructor no trivial no es virtual; puede que las instancias de esta clase no se destruyan correctamente (compilando archivo de origen Laser.cpp)
C:\Users\Tomás López\Desktop\Universidad\Quinto\SimulacionFisicaVideojuegos\skeleton\ForceGenerator.h(15,1): warning C4265: "ForceGenerator": la clase tiene funciones virtuales, pero su destructor no trivial no es virtual; puede que las instancias de esta clase no se destruyan correctamente (compilando archivo de origen GravityForceGenerator.cpp)
C:\Users\Tomás López\Desktop\Universidad\Quinto\SimulacionFisicaVideojuegos\skeleton\Laser.h(19,1): warning C4265: "Laser": la clase tiene funciones virtuales, pero su destructor no trivial no es virtual; puede que las instancias de esta clase no se destruyan correctamente (compilando archivo de origen Laser.cpp)
C:\Users\Tomás López\Desktop\Universidad\Quinto\SimulacionFisicaVideojuegos\skeleton\GravityForceGenerator.h(19,1): warning C4265: "GravityForceGenerator": la clase tiene funciones virtuales, pero su destructor no trivial no es virtual; puede que las instancias de esta clase no se destruyan correctamente (compilando archivo de origen GravityForceGenerator.cpp)
C:\Users\Tomás López\Desktop\Universidad\Quinto\SimulacionFisicaVideojuegos\skeleton\GravityForceGenerator.cpp(4,61): warning C4458: la declaración de 't' oculta el miembro de clase
C:\Users\Tomás López\Desktop\Universidad\Quinto\SimulacionFisicaVideojuegos\skeleton\ForceGenerator.h(13,9): message : vea la declaración de 'ForceGenerator::t' (compilando archivo de origen GravityForceGenerator.cpp)
C:\Users\Tomás López\Desktop\Universidad\Quinto\SimulacionFisicaVideojuegos\skeleton\GravityForceGenerator.cpp(4,61): warning C4100: 't': parámetro formal sin referencia
C:\Users\Tomás López\Desktop\Universidad\Quinto\SimulacionFisicaVideojuegos\skeleton\ForceGenerator.h(15,1): warning C4265: "ForceGenerator": la clase tiene funciones virtuales, pero su destructor no trivial no es virtual; puede que las instancias de esta clase no se destruyan correctamente (compilando archivo de origen FireworkSystem.cpp)
C:\Users\Tomás López\Desktop\Universidad\Quinto\SimulacionFisicaVideojuegos\skeleton\GravityForceGenerator.h(19,1): warning C4265: "GravityForceGenerator": la clase tiene funciones virtuales, pero su destructor no trivial no es virtual; puede que las instancias de esta clase no se destruyan correctamente (compilando archivo de origen FireworkSystem.cpp)
C:\Users\Tomás López\Desktop\Universidad\Quinto\SimulacionFisicaVideojuegos\skeleton\WindForceGenerator.h(25,1): warning C4265: "WindForceGenerator": la clase tiene funciones virtuales, pero su destructor no trivial no es virtual; puede que las instancias de esta clase no se destruyan correctamente (compilando archivo de origen FireworkSystem.cpp)
C:\Users\Tomás López\Desktop\Universidad\Quinto\SimulacionFisicaVideojuegos\skeleton\WindForceGenerator.h(10,119): warning C5038: miembro de datos "WindForceGenerator::k2" se inicializará después de miembro de datos "WindForceGenerator::position" (compilando archivo de origen FireworkSystem.cpp)
C:\Users\Tomás López\Desktop\Universidad\Quinto\SimulacionFisicaVideojuegos\skeleton\ParticleSystem.h(14,3): warning C4265: "ParticleSystem": la clase tiene funciones virtuales, pero su destructor no trivial no es virtual; puede que las instancias de esta clase no se destruyan correctamente (compilando archivo de origen FireworkSystem.cpp)
C:\Users\Tomás López\Desktop\Universidad\Quinto\SimulacionFisicaVideojuegos\skeleton\ParticleSystem.h(18,26): warning C4267: 'return': conversión de 'size_t' a 'int'; posible pérdida de datos (compilando archivo de origen FireworkSystem.cpp)
C:\Users\Tomás López\Desktop\Universidad\Quinto\SimulacionFisicaVideojuegos\skeleton\GaussianParticleGenerator.h(18,1): warning C4265: "GaussianParticleGenerator": la clase tiene funciones virtuales, pero su destructor no trivial no es virtual; puede que las instancias de esta clase no se destruyan correctamente (compilando archivo de origen FireworkSystem.cpp)
C:\Users\Tomás López\Desktop\Universidad\Quinto\SimulacionFisicaVideojuegos\skeleton\CircleGenerator.h(16,1): warning C4265: "CircleGenerator": la clase tiene funciones virtuales, pero su destructor no trivial no es virtual; puede que las instancias de esta clase no se destruyan correctamente (compilando archivo de origen FireworkSystem.cpp)
C:\Users\Tomás López\Desktop\Universidad\Quinto\SimulacionFisicaVideojuegos\skeleton\CircleGenerator.h(7,76): warning C4100: 'vDev': parámetro formal sin referencia (compilando archivo de origen FireworkSystem.cpp)
C:\Users\Tomás López\Desktop\Universidad\Quinto\SimulacionFisicaVideojuegos\skeleton\FireworkGenerator.h(17,1): warning C4265: "FireworkGenerator": la clase tiene funciones virtuales, pero su destructor no trivial no es virtual; puede que las instancias de esta clase no se destruyan correctamente (compilando archivo de origen FireworkSystem.cpp)
C:\Users\Tomás López\Desktop\Universidad\Quinto\SimulacionFisicaVideojuegos\skeleton\Firework.h(12,3): warning C4265: "Firework": la clase tiene funciones virtuales, pero su destructor no trivial no es virtual; puede que las instancias de esta clase no se destruyan correctamente (compilando archivo de origen FireworkSystem.cpp)
C:\Users\Tomás López\Desktop\Universidad\Quinto\SimulacionFisicaVideojuegos\skeleton\FireworkSystem.h(21,1): warning C4265: "FireworkSystem": la clase tiene funciones virtuales, pero su destructor no trivial no es virtual; puede que las instancias de esta clase no se destruyan correctamente (compilando archivo de origen FireworkSystem.cpp)
  ParticleSystem.cpp
C:\Users\Tomás López\Desktop\Universidad\Quinto\SimulacionFisicaVideojuegos\skeleton\Particle.h(13,3): warning C4265: "Particle": la clase tiene funciones virtuales, pero su destructor no trivial no es virtual; puede que las instancias de esta clase no se destruyan correctamente (compilando archivo de origen main.cpp)
C:\Users\Tomás López\Desktop\Universidad\Quinto\SimulacionFisicaVideojuegos\common\PhysX-3.4\PxShared\include\task\PxTask.h(329,1): warning C5220: "physx::PxLightCpuTask::mRefCount": un miembro de datos no estático con un tipo calificado volátil ya no implica
           que los constructores de copia/movimiento generados por el compilador y los operadores de asignación de copia o movimiento no sean triviales (compilando archivo de origen Particle.cpp)
C:\Users\Tomás López\Desktop\Universidad\Quinto\SimulacionFisicaVideojuegos\common\PhysX-3.4\PxShared\include\task\PxTask.h(326): message : vea la declaración de 'physx::PxLightCpuTask::mRefCount' (compilando archivo de origen Particle.cpp)
  RenderUtils.cpp
C:\Users\Tomás López\Desktop\Universidad\Quinto\SimulacionFisicaVideojuegos\skeleton\ParticleGenerator.h(12,3): warning C4265: "ParticleGenerator": la clase tiene funciones virtuales, pero su destructor no trivial no es virtual; puede que las instancias de esta clase no se destruyan correctamente (compilando archivo de origen main.cpp)
C:\Users\Tomás López\Desktop\Universidad\Quinto\SimulacionFisicaVideojuegos\skeleton\ParticleGenerator.h(11,90): warning C5038: miembro de datos "ParticleGenerator::model" se inicializará después de miembro de datos "ParticleGenerator::meanPos" (compilando archivo de origen main.cpp)
C:\Users\Tomás López\Desktop\Universidad\Quinto\SimulacionFisicaVideojuegos\skeleton\GaussianParticleGenerator.h(18,1): warning C4265: "GaussianParticleGenerator": la clase tiene funciones virtuales, pero su destructor no trivial no es virtual; puede que las instancias de esta clase no se destruyan correctamente (compilando archivo de origen main.cpp)
C:\Users\Tomás López\Desktop\Universidad\Quinto\SimulacionFisicaVideojuegos\skeleton\Rocket.h(23,1): warning C4265: "Rocket": la clase tiene funciones virtuales, pero su destructor no trivial no es virtual; puede que las instancias de esta clase no se destruyan correctamente (compilando archivo de origen main.cpp)
C:\Users\Tomás López\Desktop\Universidad\Quinto\SimulacionFisicaVideojuegos\skeleton\UniformParticleGenerator.h(17,1): warning C4265: "UniformParticleGenerator": la clase tiene funciones virtuales, pero su destructor no trivial no es virtual; puede que las instancias de esta clase no se destruyan correctamente (compilando archivo de origen main.cpp)
  Camera.cpp
C:\Users\Tomás López\Desktop\Universidad\Quinto\SimulacionFisicaVideojuegos\skeleton\ForceGenerator.h(15,1): warning C4265: "ForceGenerator": la clase tiene funciones virtuales, pero su destructor no trivial no es virtual; puede que las instancias de esta clase no se destruyan correctamente (compilando archivo de origen main.cpp)
C:\Users\Tomás López\Desktop\Universidad\Quinto\SimulacionFisicaVideojuegos\skeleton\GravityForceGenerator.h(19,1): warning C4265: "GravityForceGenerator": la clase tiene funciones virtuales, pero su destructor no trivial no es virtual; puede que las instancias de esta clase no se destruyan correctamente (compilando archivo de origen main.cpp)
C:\Users\Tomás López\Desktop\Universidad\Quinto\SimulacionFisicaVideojuegos\skeleton\WindForceGenerator.h(25,1): warning C4265: "WindForceGenerator": la clase tiene funciones virtuales, pero su destructor no trivial no es virtual; puede que las instancias de esta clase no se destruyan correctamente (compilando archivo de origen main.cpp)
C:\Users\Tomás López\Desktop\Universidad\Quinto\SimulacionFisicaVideojuegos\skeleton\WindForceGenerator.h(10,119): warning C5038: miembro de datos "WindForceGenerator::k2" se inicializará después de miembro de datos "WindForceGenerator::position" (compilando archivo de origen main.cpp)
C:\Users\Tomás López\Desktop\Universidad\Quinto\SimulacionFisicaVideojuegos\skeleton\ParticleSystem.h(14,3): warning C4265: "ParticleSystem": la clase tiene funciones virtuales, pero su destructor no trivial no es virtual; puede que las instancias de esta clase no se destruyan correctamente (compilando archivo de origen main.cpp)
C:\Users\Tomás López\Desktop\Universidad\Quinto\SimulacionFisicaVideojuegos\skeleton\ParticleSystem.h(18,26): warning C4267: 'return': conversión de 'size_t' a 'int'; posible pérdida de datos (compilando archivo de origen main.cpp)
C:\Users\Tomás López\Desktop\Universidad\Quinto\SimulacionFisicaVideojuegos\skeleton\CircleGenerator.h(16,1): warning C4265: "CircleGenerator": la clase tiene funciones virtuales, pero su destructor no trivial no es virtual; puede que las instancias de esta clase no se destruyan correctamente (compilando archivo de origen main.cpp)
C:\Users\Tomás López\Desktop\Universidad\Quinto\SimulacionFisicaVideojuegos\skeleton\CircleGenerator.h(7,76): warning C4100: 'vDev': parámetro formal sin referencia (compilando archivo de origen main.cpp)
C:\Users\Tomás López\Desktop\Universidad\Quinto\SimulacionFisicaVideojuegos\skeleton\FireworkGenerator.h(17,1): warning C4265: "FireworkGenerator": la clase tiene funciones virtuales, pero su destructor no trivial no es virtual; puede que las instancias de esta clase no se destruyan correctamente (compilando archivo de origen main.cpp)
C:\Users\Tomás López\Desktop\Universidad\Quinto\SimulacionFisicaVideojuegos\skeleton\Firework.h(12,3): warning C4265: "Firework": la clase tiene funciones virtuales, pero su destructor no trivial no es virtual; puede que las instancias de esta clase no se destruyan correctamente (compilando archivo de origen main.cpp)
C:\Users\Tomás López\Desktop\Universidad\Quinto\SimulacionFisicaVideojuegos\skeleton\FireworkSystem.h(21,1): warning C4265: "FireworkSystem": la clase tiene funciones virtuales, pero su destructor no trivial no es virtual; puede que las instancias de esta clase no se destruyan correctamente (compilando archivo de origen main.cpp)
C:\Users\Tomás López\Desktop\Universidad\Quinto\SimulacionFisicaVideojuegos\skeleton\ContinuousParticleSystem.h(8,3): warning C4265: "ContinuousParticleSystem": la clase tiene funciones virtuales, pero su destructor no trivial no es virtual; puede que las instancias de esta clase no se destruyan correctamente (compilando archivo de origen main.cpp)
C:\Users\Tomás López\Desktop\Universidad\Quinto\SimulacionFisicaVideojuegos\skeleton\SpringForceGenerator.h(10,3): warning C4265: "SpringForceGenerator": la clase tiene funciones virtuales, pero su destructor no trivial no es virtual; puede que las instancias de esta clase no se destruyan correctamente (compilando archivo de origen main.cpp)
C:\Users\Tomás López\Desktop\Universidad\Quinto\SimulacionFisicaVideojuegos\skeleton\AnchoredSpringFG.h(8,3): warning C4265: "AnchoredSpringFG": la clase tiene funciones virtuales, pero su destructor no trivial no es virtual; puede que las instancias de esta clase no se destruyan correctamente (compilando archivo de origen main.cpp)
C:\Users\Tomás López\Desktop\Universidad\Quinto\SimulacionFisicaVideojuegos\skeleton\BungeeForceGenerator.h(13,1): warning C4265: "BungeeForceGenerator": la clase tiene funciones virtuales, pero su destructor no trivial no es virtual; puede que las instancias de esta clase no se destruyan correctamente (compilando archivo de origen main.cpp)
C:\Users\Tomás López\Desktop\Universidad\Quinto\SimulacionFisicaVideojuegos\skeleton\BuoyancyForceGenerator.h(18,1): warning C4265: "BuoyancyForceGenerator": la clase tiene funciones virtuales, pero su destructor no trivial no es virtual; puede que las instancias de esta clase no se destruyan correctamente (compilando archivo de origen main.cpp)
C:\Users\Tomás López\Desktop\Universidad\Quinto\SimulacionFisicaVideojuegos\skeleton\SpringParticleSystem.h(11,3): warning C4265: "SpringParticleSystem": la clase tiene funciones virtuales, pero su destructor no trivial no es virtual; puede que las instancias de esta clase no se destruyan correctamente (compilando archivo de origen main.cpp)
C:\Users\Tomás López\Desktop\Universidad\Quinto\SimulacionFisicaVideojuegos\skeleton\VortexGenerator.h(21,1): warning C4265: "VortexGenerator": la clase tiene funciones virtuales, pero su destructor no trivial no es virtual; puede que las instancias de esta clase no se destruyan correctamente (compilando archivo de origen main.cpp)
C:\Users\Tomás López\Desktop\Universidad\Quinto\SimulacionFisicaVideojuegos\skeleton\VortexGenerator.h(10,53): warning C5038: miembro de datos "VortexGenerator::k" se inicializará después de miembro de datos "VortexGenerator::position" (compilando archivo de origen main.cpp)
C:\Users\Tomás López\Desktop\Universidad\Quinto\SimulacionFisicaVideojuegos\skeleton\ExplosionForceGenerator.h(27,1): warning C4265: "ExplosionForceGenerator": la clase tiene funciones virtuales, pero su destructor no trivial no es virtual; puede que las instancias de esta clase no se destruyan correctamente (compilando archivo de origen main.cpp)
C:\Users\Tomás López\Desktop\Universidad\Quinto\SimulacionFisicaVideojuegos\skeleton\ExplosionForceGenerator.h(10,96): warning C5038: miembro de datos "ExplosionForceGenerator::timeConstant" se inicializará después de miembro de datos "ExplosionForceGenerator::position" (compilando archivo de origen main.cpp)
C:\Users\Tomás López\Desktop\Universidad\Quinto\SimulacionFisicaVideojuegos\skeleton\ExplosionForceGenerator.h(10,135): warning C5038: miembro de datos "ExplosionForceGenerator::velocity" se inicializará después de miembro de datos "ExplosionForceGenerator::radius" (compilando archivo de origen main.cpp)
  Render.cpp
C:\Users\Tomás López\Desktop\Universidad\Quinto\SimulacionFisicaVideojuegos\skeleton\Render\Camera.cpp(88,19): warning C5219: conversión implícita de "int" a "float"; posible pérdida de datos
C:\Users\Tomás López\Desktop\Universidad\Quinto\SimulacionFisicaVideojuegos\skeleton\Render\Camera.cpp(90,19): warning C5219: conversión implícita de "int" a "float"; posible pérdida de datos
  Rocket.cpp
  SpringForceGenerator.cpp
C:\Users\Tomás López\Desktop\Universidad\Quinto\SimulacionFisicaVideojuegos\common\PhysX-3.4\PxShared\include\task\PxTask.h(329,1): warning C5220: "physx::PxLightCpuTask::mRefCount": un miembro de datos no estático con un tipo calificado volátil ya no implica
           que los constructores de copia/movimiento generados por el compilador y los operadores de asignación de copia o movimiento no sean triviales (compilando archivo de origen ParticleSystem.cpp)
C:\Users\Tomás López\Desktop\Universidad\Quinto\SimulacionFisicaVideojuegos\common\PhysX-3.4\PxShared\include\task\PxTask.h(326): message : vea la declaración de 'physx::PxLightCpuTask::mRefCount' (compilando archivo de origen ParticleSystem.cpp)
  SpringParticleSystem.cpp
C:\Users\Tomás López\Desktop\Universidad\Quinto\SimulacionFisicaVideojuegos\common\PhysX-3.4\PxShared\include\task\PxTask.h(329,1): warning C5220: "physx::PxLightCpuTask::mRefCount": un miembro de datos no estático con un tipo calificado volátil ya no implica
           que los constructores de copia/movimiento generados por el compilador y los operadores de asignación de copia o movimiento no sean triviales (compilando archivo de origen Render\Render.cpp)
C:\Users\Tomás López\Desktop\Universidad\Quinto\SimulacionFisicaVideojuegos\common\PhysX-3.4\PxShared\include\task\PxTask.h(326): message : vea la declaración de 'physx::PxLightCpuTask::mRefCount' (compilando archivo de origen Render\Render.cpp)
  TimedParticleSystem.cpp
C:\Users\Tomás López\Desktop\Universidad\Quinto\SimulacionFisicaVideojuegos\common\PhysX-3.4\PxShared\include\task\PxTask.h(329,1): warning C5220: "physx::PxLightCpuTask::mRefCount": un miembro de datos no estático con un tipo calificado volátil ya no implica
           que los constructores de copia/movimiento generados por el compilador y los operadores de asignación de copia o movimiento no sean triviales (compilando archivo de origen Rocket.cpp)
C:\Users\Tomás López\Desktop\Universidad\Quinto\SimulacionFisicaVideojuegos\common\PhysX-3.4\PxShared\include\task\PxTask.h(326): message : vea la declaración de 'physx::PxLightCpuTask::mRefCount' (compilando archivo de origen Rocket.cpp)
C:\Users\Tomás López\Desktop\Universidad\Quinto\SimulacionFisicaVideojuegos\common\PhysX-3.4\PxShared\include\task\PxTask.h(329,1): warning C5220: "physx::PxLightCpuTask::mRefCount": un miembro de datos no estático con un tipo calificado volátil ya no implica
           que los constructores de copia/movimiento generados por el compilador y los operadores de asignación de copia o movimiento no sean triviales (compilando archivo de origen RenderUtils.cpp)
C:\Users\Tomás López\Desktop\Universidad\Quinto\SimulacionFisicaVideojuegos\common\PhysX-3.4\PxShared\include\task\PxTask.h(326): message : vea la declaración de 'physx::PxLightCpuTask::mRefCount' (compilando archivo de origen RenderUtils.cpp)
C:\Users\Tomás López\Desktop\Universidad\Quinto\SimulacionFisicaVideojuegos\common\PhysX-3.4\PxShared\include\task\PxTask.h(329,1): warning C5220: "physx::PxLightCpuTask::mRefCount": un miembro de datos no estático con un tipo calificado volátil ya no implica
           que los constructores de copia/movimiento generados por el compilador y los operadores de asignación de copia o movimiento no sean triviales (compilando archivo de origen SpringForceGenerator.cpp)
C:\Users\Tomás López\Desktop\Universidad\Quinto\SimulacionFisicaVideojuegos\common\PhysX-3.4\PxShared\include\task\PxTask.h(326): message : vea la declaración de 'physx::PxLightCpuTask::mRefCount' (compilando archivo de origen SpringForceGenerator.cpp)
C:\Users\Tomás López\Desktop\Universidad\Quinto\SimulacionFisicaVideojuegos\common\PhysX-3.4\PxShared\include\task\PxTask.h(329,1): warning C5220: "physx::PxLightCpuTask::mRefCount": un miembro de datos no estático con un tipo calificado volátil ya no implica
           que los constructores de copia/movimiento generados por el compilador y los operadores de asignación de copia o movimiento no sean triviales (compilando archivo de origen SpringParticleSystem.cpp)
C:\Users\Tomás López\Desktop\Universidad\Quinto\SimulacionFisicaVideojuegos\common\PhysX-3.4\PxShared\include\task\PxTask.h(326): message : vea la declaración de 'physx::PxLightCpuTask::mRefCount' (compilando archivo de origen SpringParticleSystem.cpp)
C:\Users\Tomás López\Desktop\Universidad\Quinto\SimulacionFisicaVideojuegos\common\PhysX-3.4\PxShared\include\task\PxTask.h(329,1): warning C5220: "physx::PxLightCpuTask::mRefCount": un miembro de datos no estático con un tipo calificado volátil ya no implica
           que los constructores de copia/movimiento generados por el compilador y los operadores de asignación de copia o movimiento no sean triviales (compilando archivo de origen TimedParticleSystem.cpp)
C:\Users\Tomás López\Desktop\Universidad\Quinto\SimulacionFisicaVideojuegos\common\PhysX-3.4\PxShared\include\task\PxTask.h(326): message : vea la declaración de 'physx::PxLightCpuTask::mRefCount' (compilando archivo de origen TimedParticleSystem.cpp)
C:\Users\Tomás López\Desktop\Universidad\Quinto\SimulacionFisicaVideojuegos\skeleton\Particle.h(13,3): warning C4265: "Particle": la clase tiene funciones virtuales, pero su destructor no trivial no es virtual; puede que las instancias de esta clase no se destruyan correctamente (compilando archivo de origen ParticleSystem.cpp)
C:\Users\Tomás López\Desktop\Universidad\Quinto\SimulacionFisicaVideojuegos\skeleton\Particle.h(13,3): warning C4265: "Particle": la clase tiene funciones virtuales, pero su destructor no trivial no es virtual; puede que las instancias de esta clase no se destruyan correctamente (compilando archivo de origen Particle.cpp)
C:\Users\Tomás López\Desktop\Universidad\Quinto\SimulacionFisicaVideojuegos\skeleton\Particle.cpp(6,165): warning C5038: miembro de datos "Particle::remainingTime" se inicializará después de miembro de datos "Particle::col"
C:\Users\Tomás López\Desktop\Universidad\Quinto\SimulacionFisicaVideojuegos\skeleton\Particle.cpp(19,153): warning C5038: miembro de datos "Particle::damp" se inicializará después de miembro de datos "Particle::col"
C:\Users\Tomás López\Desktop\Universidad\Quinto\SimulacionFisicaVideojuegos\skeleton\Particle.cpp(19,178): warning C5038: miembro de datos "Particle::remainingTime" se inicializará después de miembro de datos "Particle::size"
C:\Users\Tomás López\Desktop\Universidad\Quinto\SimulacionFisicaVideojuegos\skeleton\Render\Render.cpp(132): warning C5045: El compilador insertará la mitigación de Spectre para la carga de memoria si se especificó el modificador /Qspectre
  C:\Users\Tomás López\Desktop\Universidad\Quinto\SimulacionFisicaVideojuegos\skeleton\Render\Render.cpp(121) : nota: el intervalo "nbPolys" del índice se comprobó por comparación en esta línea
  C:\Users\Tomás López\Desktop\Universidad\Quinto\SimulacionFisicaVideojuegos\common\PhysX-3.4\PxShared\include\foundation\PxVec3.h(105) : nota: suministra la carga de memoria en esta línea
  UniformParticleGenerator.cpp
C:\Users\Tomás López\Desktop\Universidad\Quinto\SimulacionFisicaVideojuegos\skeleton\ParticleGenerator.h(12,3): warning C4265: "ParticleGenerator": la clase tiene funciones virtuales, pero su destructor no trivial no es virtual; puede que las instancias de esta clase no se destruyan correctamente (compilando archivo de origen ParticleSystem.cpp)
C:\Users\Tomás López\Desktop\Universidad\Quinto\SimulacionFisicaVideojuegos\skeleton\ParticleGenerator.h(11,90): warning C5038: miembro de datos "ParticleGenerator::model" se inicializará después de miembro de datos "ParticleGenerator::meanPos" (compilando archivo de origen ParticleSystem.cpp)
C:\Users\Tomás López\Desktop\Universidad\Quinto\SimulacionFisicaVideojuegos\skeleton\ForceGenerator.h(15,1): warning C4265: "ForceGenerator": la clase tiene funciones virtuales, pero su destructor no trivial no es virtual; puede que las instancias de esta clase no se destruyan correctamente (compilando archivo de origen ParticleSystem.cpp)
  VortexGenerator.cpp
C:\Users\Tomás López\Desktop\Universidad\Quinto\SimulacionFisicaVideojuegos\skeleton\GravityForceGenerator.h(19,1): warning C4265: "GravityForceGenerator": la clase tiene funciones virtuales, pero su destructor no trivial no es virtual; puede que las instancias de esta clase no se destruyan correctamente (compilando archivo de origen ParticleSystem.cpp)
C:\Users\Tomás López\Desktop\Universidad\Quinto\SimulacionFisicaVideojuegos\skeleton\WindForceGenerator.h(25,1): warning C4265: "WindForceGenerator": la clase tiene funciones virtuales, pero su destructor no trivial no es virtual; puede que las instancias de esta clase no se destruyan correctamente (compilando archivo de origen ParticleSystem.cpp)
C:\Users\Tomás López\Desktop\Universidad\Quinto\SimulacionFisicaVideojuegos\skeleton\WindForceGenerator.h(10,119): warning C5038: miembro de datos "WindForceGenerator::k2" se inicializará después de miembro de datos "WindForceGenerator::position" (compilando archivo de origen ParticleSystem.cpp)
  WindForceGenerator.cpp
C:\Users\Tomás López\Desktop\Universidad\Quinto\SimulacionFisicaVideojuegos\skeleton\ParticleSystem.h(14,3): warning C4265: "ParticleSystem": la clase tiene funciones virtuales, pero su destructor no trivial no es virtual; puede que las instancias de esta clase no se destruyan correctamente (compilando archivo de origen ParticleSystem.cpp)
C:\Users\Tomás López\Desktop\Universidad\Quinto\SimulacionFisicaVideojuegos\skeleton\ParticleSystem.h(18,26): warning C4267: 'return': conversión de 'size_t' a 'int'; posible pérdida de datos (compilando archivo de origen ParticleSystem.cpp)
C:\Users\Tomás López\Desktop\Universidad\Quinto\SimulacionFisicaVideojuegos\skeleton\ParticleSystem.cpp(18,50): warning C5205: la eliminación de una clase abstracta "ParticleGenerator" que tiene un destructor no virtual produce un comportamiento no definido
C:\Users\Tomás López\Desktop\Universidad\Quinto\SimulacionFisicaVideojuegos\skeleton\ParticleGenerator.h(8): message : vea la declaración de 'ParticleGenerator'
C:\Users\Tomás López\Desktop\Universidad\Quinto\SimulacionFisicaVideojuegos\skeleton\Particle.h(13,3): warning C4265: "Particle": la clase tiene funciones virtuales, pero su destructor no trivial no es virtual; puede que las instancias de esta clase no se destruyan correctamente (compilando archivo de origen SpringParticleSystem.cpp)
C:\Users\Tomás López\Desktop\Universidad\Quinto\SimulacionFisicaVideojuegos\common\PhysX-3.4\PxShared\include\task\PxTask.h(329,1): warning C5220: "physx::PxLightCpuTask::mRefCount": un miembro de datos no estático con un tipo calificado volátil ya no implica
           que los constructores de copia/movimiento generados por el compilador y los operadores de asignación de copia o movimiento no sean triviales (compilando archivo de origen VortexGenerator.cpp)
C:\Users\Tomás López\Desktop\Universidad\Quinto\SimulacionFisicaVideojuegos\common\PhysX-3.4\PxShared\include\task\PxTask.h(326): message : vea la declaración de 'physx::PxLightCpuTask::mRefCount' (compilando archivo de origen VortexGenerator.cpp)
C:\Users\Tomás López\Desktop\Universidad\Quinto\SimulacionFisicaVideojuegos\common\PhysX-3.4\PxShared\include\task\PxTask.h(329,1): warning C5220: "physx::PxLightCpuTask::mRefCount": un miembro de datos no estático con un tipo calificado volátil ya no implica
           que los constructores de copia/movimiento generados por el compilador y los operadores de asignación de copia o movimiento no sean triviales (compilando archivo de origen WindForceGenerator.cpp)
C:\Users\Tomás López\Desktop\Universidad\Quinto\SimulacionFisicaVideojuegos\common\PhysX-3.4\PxShared\include\task\PxTask.h(326): message : vea la declaración de 'physx::PxLightCpuTask::mRefCount' (compilando archivo de origen WindForceGenerator.cpp)
C:\Users\Tomás López\Desktop\Universidad\Quinto\SimulacionFisicaVideojuegos\skeleton\Particle.h(13,3): warning C4265: "Particle": la clase tiene funciones virtuales, pero su destructor no trivial no es virtual; puede que las instancias de esta clase no se destruyan correctamente (compilando archivo de origen SpringForceGenerator.cpp)
C:\Users\Tomás López\Desktop\Universidad\Quinto\SimulacionFisicaVideojuegos\skeleton\Particle.h(13,3): warning C4265: "Particle": la clase tiene funciones virtuales, pero su destructor no trivial no es virtual; puede que las instancias de esta clase no se destruyan correctamente (compilando archivo de origen Rocket.cpp)
C:\Users\Tomás López\Desktop\Universidad\Quinto\SimulacionFisicaVideojuegos\skeleton\ParticleGenerator.h(12,3): warning C4265: "ParticleGenerator": la clase tiene funciones virtuales, pero su destructor no trivial no es virtual; puede que las instancias de esta clase no se destruyan correctamente (compilando archivo de origen SpringParticleSystem.cpp)
C:\Users\Tomás López\Desktop\Universidad\Quinto\SimulacionFisicaVideojuegos\skeleton\ParticleGenerator.h(11,90): warning C5038: miembro de datos "ParticleGenerator::model" se inicializará después de miembro de datos "ParticleGenerator::meanPos" (compilando archivo de origen SpringParticleSystem.cpp)
C:\Users\Tomás López\Desktop\Universidad\Quinto\SimulacionFisicaVideojuegos\skeleton\ParticleGenerator.h(12,3): warning C4265: "ParticleGenerator": la clase tiene funciones virtuales, pero su destructor no trivial no es virtual; puede que las instancias de esta clase no se destruyan correctamente (compilando archivo de origen Rocket.cpp)
C:\Users\Tomás López\Desktop\Universidad\Quinto\SimulacionFisicaVideojuegos\skeleton\ParticleGenerator.h(11,90): warning C5038: miembro de datos "ParticleGenerator::model" se inicializará después de miembro de datos "ParticleGenerator::meanPos" (compilando archivo de origen Rocket.cpp)
C:\Users\Tomás López\Desktop\Universidad\Quinto\SimulacionFisicaVideojuegos\skeleton\GaussianParticleGenerator.h(18,1): warning C4265: "GaussianParticleGenerator": la clase tiene funciones virtuales, pero su destructor no trivial no es virtual; puede que las instancias de esta clase no se destruyan correctamente (compilando archivo de origen Rocket.cpp)
C:\Users\Tomás López\Desktop\Universidad\Quinto\SimulacionFisicaVideojuegos\skeleton\Rocket.h(23,1): warning C4265: "Rocket": la clase tiene funciones virtuales, pero su destructor no trivial no es virtual; puede que las instancias de esta clase no se destruyan correctamente (compilando archivo de origen Rocket.cpp)
C:\Users\Tomás López\Desktop\Universidad\Quinto\SimulacionFisicaVideojuegos\skeleton\ForceGenerator.h(15,1): warning C4265: "ForceGenerator": la clase tiene funciones virtuales, pero su destructor no trivial no es virtual; puede que las instancias de esta clase no se destruyan correctamente (compilando archivo de origen SpringForceGenerator.cpp)
C:\Users\Tomás López\Desktop\Universidad\Quinto\SimulacionFisicaVideojuegos\skeleton\SpringForceGenerator.h(10,3): warning C4265: "SpringForceGenerator": la clase tiene funciones virtuales, pero su destructor no trivial no es virtual; puede que las instancias de esta clase no se destruyan correctamente (compilando archivo de origen SpringForceGenerator.cpp)
C:\Users\Tomás López\Desktop\Universidad\Quinto\SimulacionFisicaVideojuegos\skeleton\SpringForceGenerator.cpp(3,60): warning C4458: la declaración de 't' oculta el miembro de clase
C:\Users\Tomás López\Desktop\Universidad\Quinto\SimulacionFisicaVideojuegos\skeleton\ForceGenerator.h(13,9): message : vea la declaración de 'ForceGenerator::t' (compilando archivo de origen SpringForceGenerator.cpp)
C:\Users\Tomás López\Desktop\Universidad\Quinto\SimulacionFisicaVideojuegos\skeleton\SpringForceGenerator.cpp(3,60): warning C4100: 't': parámetro formal sin referencia
C:\Users\Tomás López\Desktop\Universidad\Quinto\SimulacionFisicaVideojuegos\skeleton\Particle.h(13,3): warning C4265: "Particle": la clase tiene funciones virtuales, pero su destructor no trivial no es virtual; puede que las instancias de esta clase no se destruyan correctamente (compilando archivo de origen TimedParticleSystem.cpp)
C:\Users\Tomás López\Desktop\Universidad\Quinto\SimulacionFisicaVideojuegos\skeleton\ForceGenerator.h(15,1): warning C4265: "ForceGenerator": la clase tiene funciones virtuales, pero su destructor no trivial no es virtual; puede que las instancias de esta clase no se destruyan correctamente (compilando archivo de origen SpringParticleSystem.cpp)
C:\Users\Tomás López\Desktop\Universidad\Quinto\SimulacionFisicaVideojuegos\skeleton\GravityForceGenerator.h(19,1): warning C4265: "GravityForceGenerator": la clase tiene funciones virtuales, pero su destructor no trivial no es virtual; puede que las instancias de esta clase no se destruyan correctamente (compilando archivo de origen SpringParticleSystem.cpp)
C:\Users\Tomás López\Desktop\Universidad\Quinto\SimulacionFisicaVideojuegos\skeleton\WindForceGenerator.h(25,1): warning C4265: "WindForceGenerator": la clase tiene funciones virtuales, pero su destructor no trivial no es virtual; puede que las instancias de esta clase no se destruyan correctamente (compilando archivo de origen SpringParticleSystem.cpp)
C:\Users\Tomás López\Desktop\Universidad\Quinto\SimulacionFisicaVideojuegos\skeleton\WindForceGenerator.h(10,119): warning C5038: miembro de datos "WindForceGenerator::k2" se inicializará después de miembro de datos "WindForceGenerator::position" (compilando archivo de origen SpringParticleSystem.cpp)
C:\Users\Tomás López\Desktop\Universidad\Quinto\SimulacionFisicaVideojuegos\skeleton\ParticleSystem.h(14,3): warning C4265: "ParticleSystem": la clase tiene funciones virtuales, pero su destructor no trivial no es virtual; puede que las instancias de esta clase no se destruyan correctamente (compilando archivo de origen SpringParticleSystem.cpp)
C:\Users\Tomás López\Desktop\Universidad\Quinto\SimulacionFisicaVideojuegos\skeleton\ParticleSystem.h(18,26): warning C4267: 'return': conversión de 'size_t' a 'int'; posible pérdida de datos (compilando archivo de origen SpringParticleSystem.cpp)
C:\Users\Tomás López\Desktop\Universidad\Quinto\SimulacionFisicaVideojuegos\skeleton\SpringForceGenerator.h(10,3): warning C4265: "SpringForceGenerator": la clase tiene funciones virtuales, pero su destructor no trivial no es virtual; puede que las instancias de esta clase no se destruyan correctamente (compilando archivo de origen SpringParticleSystem.cpp)
C:\Users\Tomás López\Desktop\Universidad\Quinto\SimulacionFisicaVideojuegos\skeleton\AnchoredSpringFG.h(8,3): warning C4265: "AnchoredSpringFG": la clase tiene funciones virtuales, pero su destructor no trivial no es virtual; puede que las instancias de esta clase no se destruyan correctamente (compilando archivo de origen SpringParticleSystem.cpp)
C:\Users\Tomás López\Desktop\Universidad\Quinto\SimulacionFisicaVideojuegos\skeleton\BungeeForceGenerator.h(13,1): warning C4265: "BungeeForceGenerator": la clase tiene funciones virtuales, pero su destructor no trivial no es virtual; puede que las instancias de esta clase no se destruyan correctamente (compilando archivo de origen SpringParticleSystem.cpp)
C:\Users\Tomás López\Desktop\Universidad\Quinto\SimulacionFisicaVideojuegos\skeleton\BuoyancyForceGenerator.h(18,1): warning C4265: "BuoyancyForceGenerator": la clase tiene funciones virtuales, pero su destructor no trivial no es virtual; puede que las instancias de esta clase no se destruyan correctamente (compilando archivo de origen SpringParticleSystem.cpp)
C:\Users\Tomás López\Desktop\Universidad\Quinto\SimulacionFisicaVideojuegos\skeleton\SpringParticleSystem.h(11,3): warning C4265: "SpringParticleSystem": la clase tiene funciones virtuales, pero su destructor no trivial no es virtual; puede que las instancias de esta clase no se destruyan correctamente (compilando archivo de origen SpringParticleSystem.cpp)
C:\Users\Tomás López\Desktop\Universidad\Quinto\SimulacionFisicaVideojuegos\skeleton\SpringParticleSystem.cpp(83,50): warning C5205: la eliminación de una clase abstracta "ParticleGenerator" que tiene un destructor no virtual produce un comportamiento no definido
C:\Users\Tomás López\Desktop\Universidad\Quinto\SimulacionFisicaVideojuegos\skeleton\ParticleGenerator.h(8): message : vea la declaración de 'ParticleGenerator'
C:\Users\Tomás López\Desktop\Universidad\Quinto\SimulacionFisicaVideojuegos\skeleton\ParticleGenerator.h(12,3): warning C4265: "ParticleGenerator": la clase tiene funciones virtuales, pero su destructor no trivial no es virtual; puede que las instancias de esta clase no se destruyan correctamente (compilando archivo de origen TimedParticleSystem.cpp)
C:\Users\Tomás López\Desktop\Universidad\Quinto\SimulacionFisicaVideojuegos\skeleton\ParticleGenerator.h(11,90): warning C5038: miembro de datos "ParticleGenerator::model" se inicializará después de miembro de datos "ParticleGenerator::meanPos" (compilando archivo de origen TimedParticleSystem.cpp)
C:\Users\Tomás López\Desktop\Universidad\Quinto\SimulacionFisicaVideojuegos\skeleton\ForceGenerator.h(15,1): warning C4265: "ForceGenerator": la clase tiene funciones virtuales, pero su destructor no trivial no es virtual; puede que las instancias de esta clase no se destruyan correctamente (compilando archivo de origen TimedParticleSystem.cpp)
C:\Users\Tomás López\Desktop\Universidad\Quinto\SimulacionFisicaVideojuegos\common\PhysX-3.4\PxShared\include\task\PxTask.h(329,1): warning C5220: "physx::PxLightCpuTask::mRefCount": un miembro de datos no estático con un tipo calificado volátil ya no implica
           que los constructores de copia/movimiento generados por el compilador y los operadores de asignación de copia o movimiento no sean triviales (compilando archivo de origen UniformParticleGenerator.cpp)
C:\Users\Tomás López\Desktop\Universidad\Quinto\SimulacionFisicaVideojuegos\common\PhysX-3.4\PxShared\include\task\PxTask.h(326): message : vea la declaración de 'physx::PxLightCpuTask::mRefCount' (compilando archivo de origen UniformParticleGenerator.cpp)
C:\Users\Tomás López\Desktop\Universidad\Quinto\SimulacionFisicaVideojuegos\skeleton\GravityForceGenerator.h(19,1): warning C4265: "GravityForceGenerator": la clase tiene funciones virtuales, pero su destructor no trivial no es virtual; puede que las instancias de esta clase no se destruyan correctamente (compilando archivo de origen TimedParticleSystem.cpp)
C:\Users\Tomás López\Desktop\Universidad\Quinto\SimulacionFisicaVideojuegos\skeleton\WindForceGenerator.h(25,1): warning C4265: "WindForceGenerator": la clase tiene funciones virtuales, pero su destructor no trivial no es virtual; puede que las instancias de esta clase no se destruyan correctamente (compilando archivo de origen TimedParticleSystem.cpp)
C:\Users\Tomás López\Desktop\Universidad\Quinto\SimulacionFisicaVideojuegos\skeleton\WindForceGenerator.h(10,119): warning C5038: miembro de datos "WindForceGenerator::k2" se inicializará después de miembro de datos "WindForceGenerator::position" (compilando archivo de origen TimedParticleSystem.cpp)
C:\Users\Tomás López\Desktop\Universidad\Quinto\SimulacionFisicaVideojuegos\skeleton\ParticleSystem.h(14,3): warning C4265: "ParticleSystem": la clase tiene funciones virtuales, pero su destructor no trivial no es virtual; puede que las instancias de esta clase no se destruyan correctamente (compilando archivo de origen TimedParticleSystem.cpp)
C:\Users\Tomás López\Desktop\Universidad\Quinto\SimulacionFisicaVideojuegos\skeleton\ParticleSystem.h(18,26): warning C4267: 'return': conversión de 'size_t' a 'int'; posible pérdida de datos (compilando archivo de origen TimedParticleSystem.cpp)
C:\Users\Tomás López\Desktop\Universidad\Quinto\SimulacionFisicaVideojuegos\skeleton\TimedParticleSystem.h(15,1): warning C4265: "TimedParticleSystem": la clase tiene funciones virtuales, pero su destructor no trivial no es virtual; puede que las instancias de esta clase no se destruyan correctamente (compilando archivo de origen TimedParticleSystem.cpp)
C:\Users\Tomás López\Desktop\Universidad\Quinto\SimulacionFisicaVideojuegos\skeleton\Particle.h(13,3): warning C4265: "Particle": la clase tiene funciones virtuales, pero su destructor no trivial no es virtual; puede que las instancias de esta clase no se destruyan correctamente (compilando archivo de origen UniformParticleGenerator.cpp)
C:\Users\Tomás López\Desktop\Universidad\Quinto\SimulacionFisicaVideojuegos\skeleton\ParticleGenerator.h(12,3): warning C4265: "ParticleGenerator": la clase tiene funciones virtuales, pero su destructor no trivial no es virtual; puede que las instancias de esta clase no se destruyan correctamente (compilando archivo de origen UniformParticleGenerator.cpp)
C:\Users\Tomás López\Desktop\Universidad\Quinto\SimulacionFisicaVideojuegos\skeleton\ParticleGenerator.h(11,90): warning C5038: miembro de datos "ParticleGenerator::model" se inicializará después de miembro de datos "ParticleGenerator::meanPos" (compilando archivo de origen UniformParticleGenerator.cpp)
C:\Users\Tomás López\Desktop\Universidad\Quinto\SimulacionFisicaVideojuegos\skeleton\UniformParticleGenerator.h(17,1): warning C4265: "UniformParticleGenerator": la clase tiene funciones virtuales, pero su destructor no trivial no es virtual; puede que las instancias de esta clase no se destruyan correctamente (compilando archivo de origen UniformParticleGenerator.cpp)
C:\Users\Tomás López\Desktop\Universidad\Quinto\SimulacionFisicaVideojuegos\skeleton\Particle.h(13,3): warning C4265: "Particle": la clase tiene funciones virtuales, pero su destructor no trivial no es virtual; puede que las instancias de esta clase no se destruyan correctamente (compilando archivo de origen VortexGenerator.cpp)
C:\Users\Tomás López\Desktop\Universidad\Quinto\SimulacionFisicaVideojuegos\skeleton\Particle.h(13,3): warning C4265: "Particle": la clase tiene funciones virtuales, pero su destructor no trivial no es virtual; puede que las instancias de esta clase no se destruyan correctamente (compilando archivo de origen WindForceGenerator.cpp)
C:\Users\Tomás López\Desktop\Universidad\Quinto\SimulacionFisicaVideojuegos\skeleton\ForceGenerator.h(15,1): warning C4265: "ForceGenerator": la clase tiene funciones virtuales, pero su destructor no trivial no es virtual; puede que las instancias de esta clase no se destruyan correctamente (compilando archivo de origen VortexGenerator.cpp)
C:\Users\Tomás López\Desktop\Universidad\Quinto\SimulacionFisicaVideojuegos\skeleton\VortexGenerator.h(21,1): warning C4265: "VortexGenerator": la clase tiene funciones virtuales, pero su destructor no trivial no es virtual; puede que las instancias de esta clase no se destruyan correctamente (compilando archivo de origen VortexGenerator.cpp)
C:\Users\Tomás López\Desktop\Universidad\Quinto\SimulacionFisicaVideojuegos\skeleton\VortexGenerator.h(10,53): warning C5038: miembro de datos "VortexGenerator::k" se inicializará después de miembro de datos "VortexGenerator::position" (compilando archivo de origen VortexGenerator.cpp)
C:\Users\Tomás López\Desktop\Universidad\Quinto\SimulacionFisicaVideojuegos\skeleton\VortexGenerator.cpp(4,55): warning C4458: la declaración de 't' oculta el miembro de clase
C:\Users\Tomás López\Desktop\Universidad\Quinto\SimulacionFisicaVideojuegos\skeleton\ForceGenerator.h(13,9): message : vea la declaración de 'ForceGenerator::t' (compilando archivo de origen VortexGenerator.cpp)
C:\Users\Tomás López\Desktop\Universidad\Quinto\SimulacionFisicaVideojuegos\skeleton\VortexGenerator.cpp(4,55): warning C4100: 't': parámetro formal sin referencia
C:\Users\Tomás López\Desktop\Universidad\Quinto\SimulacionFisicaVideojuegos\skeleton\ForceGenerator.h(15,1): warning C4265: "ForceGenerator": la clase tiene funciones virtuales, pero su destructor no trivial no es virtual; puede que las instancias de esta clase no se destruyan correctamente (compilando archivo de origen WindForceGenerator.cpp)
C:\Users\Tomás López\Desktop\Universidad\Quinto\SimulacionFisicaVideojuegos\skeleton\WindForceGenerator.h(25,1): warning C4265: "WindForceGenerator": la clase tiene funciones virtuales, pero su destructor no trivial no es virtual; puede que las instancias de esta clase no se destruyan correctamente (compilando archivo de origen WindForceGenerator.cpp)
C:\Users\Tomás López\Desktop\Universidad\Quinto\SimulacionFisicaVideojuegos\skeleton\WindForceGenerator.h(10,119): warning C5038: miembro de datos "WindForceGenerator::k2" se inicializará después de miembro de datos "WindForceGenerator::position" (compilando archivo de origen WindForceGenerator.cpp)
C:\Users\Tomás López\Desktop\Universidad\Quinto\SimulacionFisicaVideojuegos\skeleton\WindForceGenerator.cpp(4,58): warning C4458: la declaración de 't' oculta el miembro de clase
C:\Users\Tomás López\Desktop\Universidad\Quinto\SimulacionFisicaVideojuegos\skeleton\ForceGenerator.h(13,9): message : vea la declaración de 'ForceGenerator::t' (compilando archivo de origen WindForceGenerator.cpp)
C:\Users\Tomás López\Desktop\Universidad\Quinto\SimulacionFisicaVideojuegos\skeleton\WindForceGenerator.cpp(4,58): warning C4100: 't': parámetro formal sin referencia
  game.vcxproj -> C:\Users\Tomás López\Desktop\Universidad\Quinto\SimulacionFisicaVideojuegos\bin\game.exe
